<?xml version="1.0" encoding="UTF-8"?>
<testsuite name="org.apache.commons.math3.util.ArithmeticUtilsTest" time="0.004" tests="26" errors="0" skipped="0" failures="0">
  <properties>
[...]
</properties>
  <testcase name="testGcdConsistency" classname="org.apache.commons.math3.util.ArithmeticUtilsTest" time="0"/>
  <testcase name="testGcd" classname="org.apache.commons.math3.util.ArithmeticUtilsTest" time="0"/>
  <testcase name="testLcm" classname="org.apache.commons.math3.util.ArithmeticUtilsTest" time="0"/>
  <testcase name="testPow" classname="org.apache.commons.math3.util.ArithmeticUtilsTest" time="0.001"/>
  <testcase name="testPowLongOverflow" classname="org.apache.commons.math3.util.ArithmeticUtilsTest" time="0"/>
  <testcase name="testSubAndCheckLong" classname="org.apache.commons.math3.util.ArithmeticUtilsTest" time="0"/>
  <testcase name="testPowLong" classname="org.apache.commons.math3.util.ArithmeticUtilsTest" time="0"/>
  <testcase name="testIsPowerOfTwo" classname="org.apache.commons.math3.util.ArithmeticUtilsTest" time="0.001"/>
  <testcase name="testGcdLong" classname="org.apache.commons.math3.util.ArithmeticUtilsTest" time="0"/>
  <testcase name="testPowNegativeLongOverflow" classname="org.apache.commons.math3.util.ArithmeticUtilsTest" time="0"/>
  <testcase name="testLcmLong" classname="org.apache.commons.math3.util.ArithmeticUtilsTest" time="0"/>
  <testcase name="testSubAndCheck" classname="org.apache.commons.math3.util.ArithmeticUtilsTest" time="0"/>
  <testcase name="testPowMinusOneLong" classname="org.apache.commons.math3.util.ArithmeticUtilsTest" time="0.001"/>
  <testcase name="testPowNegativeInt" classname="org.apache.commons.math3.util.ArithmeticUtilsTest" time="0"/>
  <testcase name="testMulAndCheckLong" classname="org.apache.commons.math3.util.ArithmeticUtilsTest" time="0"/>
  <testcase name="testPowMinusOneInt" classname="org.apache.commons.math3.util.ArithmeticUtilsTest" time="0"/>
  <testcase name="testSubAndCheckErrorMessage" classname="org.apache.commons.math3.util.ArithmeticUtilsTest" time="0.001"/>
  <testcase name="testPowOneInt" classname="org.apache.commons.math3.util.ArithmeticUtilsTest" time="0"/>
  <testcase name="testPowNegativeLong" classname="org.apache.commons.math3.util.ArithmeticUtilsTest" time="0"/>
  <testcase name="testPowNegativeIntOverflow" classname="org.apache.commons.math3.util.ArithmeticUtilsTest" time="0"/>
  <testcase name="testMulAndCheck" classname="org.apache.commons.math3.util.ArithmeticUtilsTest" time="0"/>
  <testcase name="testPowIntOverflow" classname="org.apache.commons.math3.util.ArithmeticUtilsTest" time="0"/>
  <testcase name="testAddAndCheckLong" classname="org.apache.commons.math3.util.ArithmeticUtilsTest" time="0"/>
  <testcase name="testPowOneLong" classname="org.apache.commons.math3.util.ArithmeticUtilsTest" time="0"/>
  <testcase name="testPowInt" classname="org.apache.commons.math3.util.ArithmeticUtilsTest" time="0"/>
  <testcase name="testAddAndCheck" classname="org.apache.commons.math3.util.ArithmeticUtilsTest" time="0"/>
</testsuite>