<?xml version="1.0" encoding="UTF-8"?>
<testsuite name="org.apache.commons.math3.dfp.DfpTest" time="0.687" tests="77" errors="0" skipped="0" failures="0">
  <properties>
[...]
</properties>
  <testcase name="testAdd" classname="org.apache.commons.math3.dfp.DfpTest" time="0.002"/>
  <testcase name="testSpecialConstructors" classname="org.apache.commons.math3.dfp.DfpTest" time="0.001"/>
  <testcase name="testFloor" classname="org.apache.commons.math3.dfp.DfpTest" time="0"/>
  <testcase name="testLog10" classname="org.apache.commons.math3.dfp.DfpTest" time="0"/>
  <testcase name="testRound" classname="org.apache.commons.math3.dfp.DfpTest" time="0.002"/>
  <testcase name="testCeil" classname="org.apache.commons.math3.dfp.DfpTest" time="0"/>
  <testcase name="testRint" classname="org.apache.commons.math3.dfp.DfpTest" time="0.001"/>
  <testcase name="testSqrt" classname="org.apache.commons.math3.dfp.DfpTest" time="0.002"/>
  <testcase name="testToString" classname="org.apache.commons.math3.dfp.DfpTest" time="0.001"/>
  <testcase name="testReciprocal" classname="org.apache.commons.math3.dfp.DfpTest" time="0.001"/>
  <testcase name="testDivideInt" classname="org.apache.commons.math3.dfp.DfpTest" time="0"/>
  <testcase name="testSignPredicates" classname="org.apache.commons.math3.dfp.DfpTest" time="0.001"/>
  <testcase name="testPower10" classname="org.apache.commons.math3.dfp.DfpTest" time="0.001"/>
  <testcase name="testCopySign" classname="org.apache.commons.math3.dfp.DfpTest" time="0.001"/>
  <testcase name="testCompare" classname="org.apache.commons.math3.dfp.DfpTest" time="0.002"/>
  <testcase name="testByteConstructor" classname="org.apache.commons.math3.dfp.DfpTest" time="0.001"/>
  <testcase name="testIntValue" classname="org.apache.commons.math3.dfp.DfpTest" time="0.001"/>
  <testcase name="testDivide" classname="org.apache.commons.math3.dfp.DfpTest" time="0.002"/>
  <testcase name="testMultiply" classname="org.apache.commons.math3.dfp.DfpTest" time="0.001"/>
  <testcase name="testIssue567" classname="org.apache.commons.math3.dfp.DfpTest" time="0.199"/>
  <testcase name="testIsZero" classname="org.apache.commons.math3.dfp.DfpTest" time="0"/>
  <testcase name="testIntConstructor" classname="org.apache.commons.math3.dfp.DfpTest" time="0"/>
  <testcase name="testLog10K" classname="org.apache.commons.math3.dfp.DfpTest" time="0"/>
  <testcase name="testRemainder" classname="org.apache.commons.math3.dfp.DfpTest" time="0"/>
  <testcase name="testPower10K" classname="org.apache.commons.math3.dfp.DfpTest" time="0"/>
  <testcase name="testLongConstructor" classname="org.apache.commons.math3.dfp.DfpTest" time="0.001"/>
  <testcase name="testNextAfter" classname="org.apache.commons.math3.dfp.DfpTest" time="0"/>
  <testcase name="testDivideField" classname="org.apache.commons.math3.dfp.DfpTest" time="0.014"/>
  <testcase name="testRemainderDouble" classname="org.apache.commons.math3.dfp.DfpTest" time="0.018"/>
  <testcase name="testGetField" classname="org.apache.commons.math3.dfp.DfpTest" time="0.001"/>
  <testcase name="testDivideDouble" classname="org.apache.commons.math3.dfp.DfpTest" time="0.011"/>
  <testcase name="testAbs" classname="org.apache.commons.math3.dfp.DfpTest" time="0.001"/>
  <testcase name="testCos" classname="org.apache.commons.math3.dfp.DfpTest" time="0.001"/>
  <testcase name="testExp" classname="org.apache.commons.math3.dfp.DfpTest" time="0.001"/>
  <testcase name="testLog" classname="org.apache.commons.math3.dfp.DfpTest" time="0.001"/>
  <testcase name="testSin" classname="org.apache.commons.math3.dfp.DfpTest" time="0.001"/>
  <testcase name="testTan" classname="org.apache.commons.math3.dfp.DfpTest" time="0.002"/>
  <testcase name="testAcosh" classname="org.apache.commons.math3.dfp.DfpTest" time="0.006"/>
  <testcase name="testAsinh" classname="org.apache.commons.math3.dfp.DfpTest" time="0.003"/>
  <testcase name="testAtan2" classname="org.apache.commons.math3.dfp.DfpTest" time="0.056"/>
  <testcase name="testAtanh" classname="org.apache.commons.math3.dfp.DfpTest" time="0.002"/>
  <testcase name="testExpm1" classname="org.apache.commons.math3.dfp.DfpTest" time="0.001"/>
  <testcase name="testHypot" classname="org.apache.commons.math3.dfp.DfpTest" time="0.025"/>
  <testcase name="testLog1p" classname="org.apache.commons.math3.dfp.DfpTest" time="0.002"/>
  <testcase name="testRootN" classname="org.apache.commons.math3.dfp.DfpTest" time="0.006"/>
  <testcase name="testScalb" classname="org.apache.commons.math3.dfp.DfpTest" time="0.13"/>
  <testcase name="testAcos" classname="org.apache.commons.math3.dfp.DfpTest" time="0.002"/>
  <testcase name="testAsin" classname="org.apache.commons.math3.dfp.DfpTest" time="0.002"/>
  <testcase name="testAtan" classname="org.apache.commons.math3.dfp.DfpTest" time="0.001"/>
  <testcase name="testCbrt" classname="org.apache.commons.math3.dfp.DfpTest" time="0.003"/>
  <testcase name="testCosh" classname="org.apache.commons.math3.dfp.DfpTest" time="0.002"/>
  <testcase name="testHash" classname="org.apache.commons.math3.dfp.DfpTest" time="0"/>
  <testcase name="testSinh" classname="org.apache.commons.math3.dfp.DfpTest" time="0.001"/>
  <testcase name="testTanh" classname="org.apache.commons.math3.dfp.DfpTest" time="0.001"/>
  <testcase name="testAddField" classname="org.apache.commons.math3.dfp.DfpTest" time="0.01"/>
  <testcase name="testMultiplyDouble" classname="org.apache.commons.math3.dfp.DfpTest" time="0.009"/>
  <testcase name="testMultiplyInt" classname="org.apache.commons.math3.dfp.DfpTest" time="0.004"/>
  <testcase name="testLinearCombinationDaFa" classname="org.apache.commons.math3.dfp.DfpTest" time="0.005"/>
  <testcase name="testLinearCombinationFaFa" classname="org.apache.commons.math3.dfp.DfpTest" time="0.004"/>
  <testcase name="testAddDouble" classname="org.apache.commons.math3.dfp.DfpTest" time="0.008"/>
  <testcase name="testPowDouble" classname="org.apache.commons.math3.dfp.DfpTest" time="0.031"/>
  <testcase name="testSubtractDouble" classname="org.apache.commons.math3.dfp.DfpTest" time="0.008"/>
  <testcase name="testRemainderField" classname="org.apache.commons.math3.dfp.DfpTest" time="0.014"/>
  <testcase name="testCopySignDouble" classname="org.apache.commons.math3.dfp.DfpTest" time="0.007"/>
  <testcase name="testLinearCombinationDF2" classname="org.apache.commons.math3.dfp.DfpTest" time="0.001"/>
  <testcase name="testLinearCombinationDF3" classname="org.apache.commons.math3.dfp.DfpTest" time="0.002"/>
  <testcase name="testLinearCombinationDF4" classname="org.apache.commons.math3.dfp.DfpTest" time="0.002"/>
  <testcase name="testLinearCombinationFF2" classname="org.apache.commons.math3.dfp.DfpTest" time="0.001"/>
  <testcase name="testLinearCombinationFF3" classname="org.apache.commons.math3.dfp.DfpTest" time="0.002"/>
  <testcase name="testLinearCombinationFF4" classname="org.apache.commons.math3.dfp.DfpTest" time="0.002"/>
  <testcase name="testEquals" classname="org.apache.commons.math3.dfp.DfpTest" time="0"/>
  <testcase name="testCopySignField" classname="org.apache.commons.math3.dfp.DfpTest" time="0.008"/>
  <testcase name="testPowField" classname="org.apache.commons.math3.dfp.DfpTest" time="0.036"/>
  <testcase name="testPowInt" classname="org.apache.commons.math3.dfp.DfpTest" time="0.002"/>
  <testcase name="testSignum" classname="org.apache.commons.math3.dfp.DfpTest" time="0"/>
  <testcase name="testMultiplyField" classname="org.apache.commons.math3.dfp.DfpTest" time="0.009"/>
  <testcase name="testSubtractField" classname="org.apache.commons.math3.dfp.DfpTest" time="0.008"/>
</testsuite>